2013-08-21 09:40:13,960 [AWT-EventQueue-0] INFO  com.berdugo.timeclock.main.InAndOutMain - ~~~~~~~~~ InAndOut - Attendance Recorder - Starting Now ~~~~~~~~~
2013-08-21 09:40:24,357 [AWT-EventQueue-0] INFO  com.berdugo.timeclock.frontend.InAndOutFrame - ~~~~~~~~~ InAndOut - Exiting Now ~~~~~~~~~
2013-08-21 09:42:44,245 [AWT-EventQueue-0] INFO  (InAndOutMain.java:32) - ~~~~~~~~~ InAndOut - Attendance Recorder - Starting Now ~~~~~~~~~
2013-08-21 09:42:48,373 [AWT-EventQueue-0] INFO  (InAndOutFrame.java:253) - ~~~~~~~~~ InAndOut - Exiting Now ~~~~~~~~~
2013-08-21 11:09:46,886 [AWT-EventQueue-0] INFO  (InAndOutMain.java:33) - ~~~~~~~~~ InAndOut - Attendance Recorder - Starting Now ~~~~~~~~~
2013-08-21 12:06:30,617 [AWT-EventQueue-0] INFO  (InAndOutFrame.java:253) - ~~~~~~~~~ InAndOut - Exiting Now ~~~~~~~~~
2013-08-21 12:06:34,180 [AWT-EventQueue-0] INFO  (InAndOutMain.java:33) - ~~~~~~~~~ InAndOut - Attendance Recorder - Starting Now ~~~~~~~~~
2013-08-21 12:06:42,367 [AWT-EventQueue-0] INFO  (BackendImpl.java:109) - Getting total time for chart; Result: [18:15]
2013-08-21 12:14:17,645 [AWT-EventQueue-0] INFO  (BackendImpl.java:109) - Getting total time for chart; Result: [18:15]
2013-08-21 12:17:33,127 [AWT-EventQueue-0] INFO  (InAndOutFrame.java:253) - ~~~~~~~~~ InAndOut - Exiting Now ~~~~~~~~~
2013-08-21 12:17:36,630 [AWT-EventQueue-0] INFO  (InAndOutMain.java:33) - ~~~~~~~~~ InAndOut - Attendance Recorder - Starting Now ~~~~~~~~~
2013-08-21 12:17:43,370 [AWT-EventQueue-0] INFO  (BackendImpl.java:109) - Getting total time for chart; Result: [18:15]
2013-08-21 12:22:34,347 [AWT-EventQueue-0] INFO  (InAndOutFrame.java:253) - ~~~~~~~~~ InAndOut - Exiting Now ~~~~~~~~~
2013-08-21 12:22:37,731 [AWT-EventQueue-0] INFO  (InAndOutMain.java:33) - ~~~~~~~~~ InAndOut - Attendance Recorder - Starting Now ~~~~~~~~~
2013-08-21 12:22:39,895 [AWT-EventQueue-0] INFO  (BackendImpl.java:109) - Getting total time for chart; Result: [18:15]
2013-08-21 13:05:36,925 [AWT-EventQueue-0] INFO  (BackendImpl.java:109) - Getting total time for chart; Result: [18:15]
2013-08-21 13:07:51,231 [AWT-EventQueue-0] INFO  (InAndOutFrame.java:253) - ~~~~~~~~~ InAndOut - Exiting Now ~~~~~~~~~
2013-08-21 13:07:55,079 [AWT-EventQueue-0] INFO  (InAndOutMain.java:33) - ~~~~~~~~~ InAndOut - Attendance Recorder - Starting Now ~~~~~~~~~
2013-08-21 13:07:57,344 [AWT-EventQueue-0] INFO  (BackendImpl.java:109) - Getting total time for chart; Result: [18:15]
2013-08-21 13:09:50,464 [AWT-EventQueue-0] INFO  (InAndOutFrame.java:253) - ~~~~~~~~~ InAndOut - Exiting Now ~~~~~~~~~
2013-08-21 13:09:53,836 [AWT-EventQueue-0] INFO  (InAndOutMain.java:33) - ~~~~~~~~~ InAndOut - Attendance Recorder - Starting Now ~~~~~~~~~
2013-08-21 13:09:55,671 [AWT-EventQueue-0] INFO  (BackendImpl.java:109) - Getting total time for chart; Result: [18:15]
2013-08-21 13:10:26,949 [AWT-EventQueue-0] INFO  (InAndOutFrame.java:253) - ~~~~~~~~~ InAndOut - Exiting Now ~~~~~~~~~
2013-08-21 13:10:31,087 [AWT-EventQueue-0] INFO  (InAndOutMain.java:33) - ~~~~~~~~~ InAndOut - Attendance Recorder - Starting Now ~~~~~~~~~
2013-08-21 13:10:32,982 [AWT-EventQueue-0] INFO  (BackendImpl.java:109) - Getting total time for chart; Result: [18:15]
2013-08-21 13:17:34,138 [AWT-EventQueue-0] INFO  (InAndOutFrame.java:253) - ~~~~~~~~~ InAndOut - Exiting Now ~~~~~~~~~
2013-08-21 13:17:38,218 [AWT-EventQueue-0] INFO  (InAndOutMain.java:33) - ~~~~~~~~~ InAndOut - Attendance Recorder - Starting Now ~~~~~~~~~
2013-08-21 13:17:40,473 [AWT-EventQueue-0] INFO  (BackendImpl.java:109) - Getting total time for chart; Result: [18:15]
2013-08-21 13:24:36,128 [AWT-EventQueue-0] INFO  (InAndOutFrame.java:253) - ~~~~~~~~~ InAndOut - Exiting Now ~~~~~~~~~
2013-08-21 13:24:39,448 [AWT-EventQueue-0] INFO  (InAndOutMain.java:33) - ~~~~~~~~~ InAndOut - Attendance Recorder - Starting Now ~~~~~~~~~
2013-08-21 13:24:56,592 [AWT-EventQueue-0] INFO  (InAndOutFrame.java:253) - ~~~~~~~~~ InAndOut - Exiting Now ~~~~~~~~~
2013-08-21 13:32:14,321 [AWT-EventQueue-0] INFO  (InAndOutMain.java:33) - ~~~~~~~~~ InAndOut - Attendance Recorder - Starting Now ~~~~~~~~~
2013-08-21 13:32:51,563 [AWT-EventQueue-0] INFO  (InAndOutFrame.java:253) - ~~~~~~~~~ InAndOut - Exiting Now ~~~~~~~~~
2013-08-21 13:32:54,621 [AWT-EventQueue-0] INFO  (InAndOutMain.java:33) - ~~~~~~~~~ InAndOut - Attendance Recorder - Starting Now ~~~~~~~~~
2013-08-21 13:33:06,029 [AWT-EventQueue-0] INFO  (InAndOutFrame.java:253) - ~~~~~~~~~ InAndOut - Exiting Now ~~~~~~~~~
2013-08-21 13:33:30,990 [AWT-EventQueue-0] INFO  (InAndOutMain.java:33) - ~~~~~~~~~ InAndOut - Attendance Recorder - Starting Now ~~~~~~~~~
2013-08-21 13:33:42,508 [AWT-EventQueue-0] INFO  (InAndOutFrame.java:253) - ~~~~~~~~~ InAndOut - Exiting Now ~~~~~~~~~
2013-08-21 13:36:30,649 [AWT-EventQueue-0] INFO  (InAndOutMain.java:33) - ~~~~~~~~~ InAndOut - Attendance Recorder - Starting Now ~~~~~~~~~
2013-08-21 13:36:44,538 [AWT-EventQueue-0] INFO  (InAndOutFrame.java:253) - ~~~~~~~~~ InAndOut - Exiting Now ~~~~~~~~~
2013-08-21 13:37:52,149 [AWT-EventQueue-0] INFO  (InAndOutMain.java:33) - ~~~~~~~~~ InAndOut - Attendance Recorder - Starting Now ~~~~~~~~~
2013-08-21 13:37:54,040 [AWT-EventQueue-0] INFO  (BackendImpl.java:109) - Getting total time for chart; Result: [18:15]
2013-08-21 13:42:05,736 [AWT-EventQueue-0] INFO  (InAndOutFrame.java:253) - ~~~~~~~~~ InAndOut - Exiting Now ~~~~~~~~~
2013-08-21 13:42:08,637 [AWT-EventQueue-0] INFO  (InAndOutMain.java:33) - ~~~~~~~~~ InAndOut - Attendance Recorder - Starting Now ~~~~~~~~~
2013-08-21 13:42:10,752 [AWT-EventQueue-0] INFO  (BackendImpl.java:109) - Getting total time for chart; Result: [18:15]
2013-08-21 13:42:27,688 [AWT-EventQueue-0] INFO  (InAndOutFrame.java:253) - ~~~~~~~~~ InAndOut - Exiting Now ~~~~~~~~~
2013-08-21 13:45:38,199 [AWT-EventQueue-0] INFO  (InAndOutMain.java:33) - ~~~~~~~~~ InAndOut - Attendance Recorder - Starting Now ~~~~~~~~~
2013-08-21 13:45:42,412 [AWT-EventQueue-0] INFO  (BackendImpl.java:109) - Getting total time for chart; Result: [18:15]
2013-08-21 13:45:58,903 [AWT-EventQueue-0] INFO  (InAndOutFrame.java:253) - ~~~~~~~~~ InAndOut - Exiting Now ~~~~~~~~~
2013-08-21 13:46:33,341 [AWT-EventQueue-0] INFO  (InAndOutMain.java:33) - ~~~~~~~~~ InAndOut - Attendance Recorder - Starting Now ~~~~~~~~~
2013-08-21 13:46:35,218 [AWT-EventQueue-0] INFO  (BackendImpl.java:109) - Getting total time for chart; Result: [18:15]
2013-08-21 13:46:44,942 [AWT-EventQueue-0] INFO  (InAndOutFrame.java:253) - ~~~~~~~~~ InAndOut - Exiting Now ~~~~~~~~~
2013-08-21 13:47:09,977 [AWT-EventQueue-0] INFO  (InAndOutMain.java:33) - ~~~~~~~~~ InAndOut - Attendance Recorder - Starting Now ~~~~~~~~~
2013-08-21 13:47:11,851 [AWT-EventQueue-0] INFO  (BackendImpl.java:109) - Getting total time for chart; Result: [18:15]
2013-08-21 13:47:37,797 [AWT-EventQueue-0] INFO  (InAndOutFrame.java:253) - ~~~~~~~~~ InAndOut - Exiting Now ~~~~~~~~~
2013-08-21 13:48:09,152 [AWT-EventQueue-0] INFO  (InAndOutMain.java:33) - ~~~~~~~~~ InAndOut - Attendance Recorder - Starting Now ~~~~~~~~~
2013-08-21 13:48:11,005 [AWT-EventQueue-0] INFO  (BackendImpl.java:109) - Getting total time for chart; Result: [18:15]
2013-08-21 13:48:25,717 [AWT-EventQueue-0] INFO  (InAndOutFrame.java:253) - ~~~~~~~~~ InAndOut - Exiting Now ~~~~~~~~~
2013-08-21 13:48:36,458 [AWT-EventQueue-0] INFO  (InAndOutMain.java:33) - ~~~~~~~~~ InAndOut - Attendance Recorder - Starting Now ~~~~~~~~~
2013-08-21 13:48:37,944 [AWT-EventQueue-0] INFO  (BackendImpl.java:109) - Getting total time for chart; Result: [18:15]
2013-08-21 13:48:52,299 [AWT-EventQueue-0] INFO  (InAndOutFrame.java:253) - ~~~~~~~~~ InAndOut - Exiting Now ~~~~~~~~~
2013-08-21 13:49:23,839 [AWT-EventQueue-0] INFO  (InAndOutMain.java:33) - ~~~~~~~~~ InAndOut - Attendance Recorder - Starting Now ~~~~~~~~~
2013-08-21 13:49:25,253 [AWT-EventQueue-0] INFO  (BackendImpl.java:109) - Getting total time for chart; Result: [18:15]
2013-08-21 13:49:35,253 [AWT-EventQueue-0] INFO  (InAndOutFrame.java:253) - ~~~~~~~~~ InAndOut - Exiting Now ~~~~~~~~~
2013-08-22 09:26:31,144 [AWT-EventQueue-0] INFO  (InAndOutMain.java:33) - ~~~~~~~~~ InAndOut - Attendance Recorder - Starting Now ~~~~~~~~~
2013-08-22 09:26:35,312 [AWT-EventQueue-0] INFO  (BackendImpl.java:109) - Getting total time for chart; Result: [18:15]
2013-08-22 09:26:49,788 [AWT-EventQueue-0] INFO  (BackendImpl.java:109) - Getting total time for chart; Result: [18:15]
2013-08-22 09:27:34,235 [AWT-EventQueue-0] INFO  (BackendImpl.java:109) - Getting total time for chart; Result: [27:31]
2013-08-22 09:27:48,158 [AWT-EventQueue-0] INFO  (InAndOutFrame.java:253) - ~~~~~~~~~ InAndOut - Exiting Now ~~~~~~~~~
2013-08-22 17:26:51,784 [AWT-EventQueue-0] INFO  (InAndOutMain.java:33) - ~~~~~~~~~ InAndOut - Attendance Recorder - Starting Now ~~~~~~~~~
2013-08-22 17:26:54,622 [AWT-EventQueue-0] INFO  (BackendImpl.java:109) - Getting total time for chart; Result: [27:31]
2013-08-22 17:27:01,705 [AWT-EventQueue-0] INFO  (BackendImpl.java:109) - Getting total time for chart; Result: [35:31]
2013-08-22 17:29:27,979 [AWT-EventQueue-0] INFO  (InAndOutFrame.java:253) - ~~~~~~~~~ InAndOut - Exiting Now ~~~~~~~~~
2013-08-25 11:42:29,194 [AWT-EventQueue-0] INFO  (InAndOutMain.java:33) - ~~~~~~~~~ InAndOut - Attendance Recorder - Starting Now ~~~~~~~~~
2013-08-25 11:42:43,987 [AWT-EventQueue-0] INFO  (BackendImpl.java:109) - Getting total time for chart; Result: [35:31]
2013-08-25 11:43:02,943 [AWT-EventQueue-0] INFO  (InAndOutFrame.java:253) - ~~~~~~~~~ InAndOut - Exiting Now ~~~~~~~~~
2013-08-25 11:46:50,435 [AWT-EventQueue-0] INFO  (InAndOutMain.java:33) - ~~~~~~~~~ InAndOut - Attendance Recorder - Starting Now ~~~~~~~~~
2013-08-25 11:46:56,343 [AWT-EventQueue-0] INFO  (BackendImpl.java:109) - Getting total time for chart; Result: [35:31]
2013-08-25 11:47:04,330 [AWT-EventQueue-0] INFO  (BackendImpl.java:109) - Getting total time for chart; Result: [35:31]
2013-08-25 11:47:12,164 [AWT-EventQueue-0] INFO  (BackendImpl.java:109) - Getting total time for chart; Result: [35:31]
2013-08-25 11:47:28,619 [AWT-EventQueue-0] INFO  (InAndOutFrame.java:253) - ~~~~~~~~~ InAndOut - Exiting Now ~~~~~~~~~
2013-08-25 11:49:57,231 [AWT-EventQueue-0] INFO  (InAndOutMain.java:33) - ~~~~~~~~~ InAndOut - Attendance Recorder - Starting Now ~~~~~~~~~
2013-08-25 11:49:59,220 [AWT-EventQueue-0] INFO  (BackendImpl.java:109) - Getting total time for chart; Result: [35:31]
2013-08-25 11:50:14,376 [AWT-EventQueue-0] INFO  (InAndOutFrame.java:253) - ~~~~~~~~~ InAndOut - Exiting Now ~~~~~~~~~
2013-08-25 11:53:46,122 [AWT-EventQueue-0] INFO  (InAndOutMain.java:33) - ~~~~~~~~~ InAndOut - Attendance Recorder - Starting Now ~~~~~~~~~
2013-08-25 11:53:48,163 [AWT-EventQueue-0] INFO  (BackendImpl.java:109) - Getting total time for chart; Result: [35:31]
2013-08-25 11:53:56,703 [AWT-EventQueue-0] INFO  (InAndOutFrame.java:253) - ~~~~~~~~~ InAndOut - Exiting Now ~~~~~~~~~
2013-08-25 11:55:45,505 [AWT-EventQueue-0] INFO  (InAndOutMain.java:33) - ~~~~~~~~~ InAndOut - Attendance Recorder - Starting Now ~~~~~~~~~
2013-08-25 11:55:47,293 [AWT-EventQueue-0] INFO  (BackendImpl.java:109) - Getting total time for chart; Result: [35:31]
2013-08-25 11:56:50,845 [AWT-EventQueue-0] INFO  (InAndOutFrame.java:253) - ~~~~~~~~~ InAndOut - Exiting Now ~~~~~~~~~
2013-08-25 14:25:51,408 [AWT-EventQueue-0] INFO  (InAndOutMain.java:33) - ~~~~~~~~~ InAndOut - Attendance Recorder - Starting Now ~~~~~~~~~
2013-08-25 14:25:54,540 [AWT-EventQueue-0] INFO  (BackendImpl.java:109) - Getting total time for chart; Result: [35:31]
2013-08-25 14:26:48,694 [AWT-EventQueue-0] INFO  (BackendImpl.java:109) - Getting total time for chart; Result: [35:31]
2013-08-25 14:38:26,574 [AWT-EventQueue-0] INFO  (InAndOutFrame.java:253) - ~~~~~~~~~ InAndOut - Exiting Now ~~~~~~~~~
2013-08-25 14:38:36,565 [AWT-EventQueue-0] INFO  (InAndOutMain.java:33) - ~~~~~~~~~ InAndOut - Attendance Recorder - Starting Now ~~~~~~~~~
2013-08-25 14:38:39,707 [AWT-EventQueue-0] INFO  (BackendImpl.java:109) - Getting total time for chart; Result: [35:31]
2013-08-25 14:40:52,981 [AWT-EventQueue-0] INFO  (BackendImpl.java:109) - Getting total time for chart; Result: [35:31]
2013-08-25 15:18:49,398 [AWT-EventQueue-0] INFO  (InAndOutFrame.java:253) - ~~~~~~~~~ InAndOut - Exiting Now ~~~~~~~~~
2013-08-25 15:18:57,145 [AWT-EventQueue-0] INFO  (InAndOutMain.java:33) - ~~~~~~~~~ InAndOut - Attendance Recorder - Starting Now ~~~~~~~~~
2013-08-25 15:19:00,890 [AWT-EventQueue-0] INFO  (BackendImpl.java:109) - Getting total time for chart; Result: [35:31]
2013-08-25 15:21:30,934 [AWT-EventQueue-0] INFO  (InAndOutFrame.java:253) - ~~~~~~~~~ InAndOut - Exiting Now ~~~~~~~~~
2013-08-25 15:21:34,358 [AWT-EventQueue-0] INFO  (InAndOutMain.java:33) - ~~~~~~~~~ InAndOut - Attendance Recorder - Starting Now ~~~~~~~~~
2013-08-25 15:21:36,731 [AWT-EventQueue-0] INFO  (BackendImpl.java:109) - Getting total time for chart; Result: [35:31]
2013-08-25 16:10:12,817 [AWT-EventQueue-0] INFO  (InAndOutMain.java:33) - ~~~~~~~~~ InAndOut - Attendance Recorder - Starting Now ~~~~~~~~~
2013-08-25 16:10:23,005 [AWT-EventQueue-0] INFO  (BackendImpl.java:109) - Getting total time for chart; Result: [35:31]
2013-08-25 17:26:43,673 [AWT-EventQueue-0] INFO  (InAndOutFrame.java:253) - ~~~~~~~~~ InAndOut - Exiting Now ~~~~~~~~~
2013-08-25 17:26:53,662 [AWT-EventQueue-0] INFO  (InAndOutMain.java:33) - ~~~~~~~~~ InAndOut - Attendance Recorder - Starting Now ~~~~~~~~~
2013-08-25 17:26:56,234 [AWT-EventQueue-0] INFO  (BackendImpl.java:110) - Getting total time for chart; Result: [35:31]
2013-08-25 17:31:02,841 [AWT-EventQueue-0] INFO  (InAndOutMain.java:33) - ~~~~~~~~~ InAndOut - Attendance Recorder - Starting Now ~~~~~~~~~
2013-08-25 17:31:04,860 [AWT-EventQueue-0] INFO  (BackendImpl.java:110) - Getting total time for chart; Result: [35:31]
2013-08-25 17:31:53,118 [AWT-EventQueue-0] INFO  (BackendImpl.java:110) - Getting total time for chart; Result: [44:31]
2013-08-25 17:33:09,708 [AWT-EventQueue-0] INFO  (BackendImpl.java:110) - Getting total time for chart; Result: [44:31]
2013-08-25 17:33:30,448 [AWT-EventQueue-0] INFO  (InAndOutFrame.java:253) - ~~~~~~~~~ InAndOut - Exiting Now ~~~~~~~~~
2013-08-25 17:43:03,781 [AWT-EventQueue-0] INFO  (InAndOutMain.java:33) - ~~~~~~~~~ InAndOut - Attendance Recorder - Starting Now ~~~~~~~~~
2013-08-25 17:43:07,820 [AWT-EventQueue-0] INFO  (BackendImpl.java:110) - Getting total time for chart; Result: [44:31]
2013-08-25 17:43:26,760 [AWT-EventQueue-0] INFO  (BackendImpl.java:110) - Getting total time for chart; Result: [44:31]
2013-08-25 17:43:34,159 [AWT-EventQueue-0] INFO  (BackendImpl.java:110) - Getting total time for chart; Result: [44:31]
2013-08-25 17:43:45,868 [AWT-EventQueue-0] INFO  (InAndOutFrame.java:253) - ~~~~~~~~~ InAndOut - Exiting Now ~~~~~~~~~
2013-08-25 17:47:42,888 [AWT-EventQueue-0] INFO  (InAndOutMain.java:33) - ~~~~~~~~~ InAndOut - Attendance Recorder - Starting Now ~~~~~~~~~
2013-08-25 17:47:45,398 [AWT-EventQueue-0] INFO  (BackendImpl.java:110) - Getting total time for chart; Result: [44:31]
2013-08-25 17:48:45,447 [AWT-EventQueue-0] INFO  (BackendImpl.java:110) - Getting total time for chart; Result: [44:32]
2013-08-25 17:49:11,548 [AWT-EventQueue-0] INFO  (BackendImpl.java:110) - Getting total time for chart; Result: [44:32]
2013-08-25 17:50:29,300 [AWT-EventQueue-0] INFO  (BackendImpl.java:110) - Getting total time for chart; Result: [44:32]
2013-08-25 17:53:19,928 [AWT-EventQueue-0] INFO  (InAndOutFrame.java:253) - ~~~~~~~~~ InAndOut - Exiting Now ~~~~~~~~~
2013-08-25 17:53:25,546 [AWT-EventQueue-0] INFO  (InAndOutMain.java:33) - ~~~~~~~~~ InAndOut - Attendance Recorder - Starting Now ~~~~~~~~~
2013-08-25 17:53:28,115 [AWT-EventQueue-0] INFO  (BackendImpl.java:110) - Getting total time for chart; Result: [44:32]
2013-08-25 17:53:53,179 [AWT-EventQueue-0] INFO  (BackendImpl.java:110) - Getting total time for chart; Result: [44:32]
2013-08-25 18:03:54,092 [AWT-EventQueue-0] INFO  (InAndOutFrame.java:253) - ~~~~~~~~~ InAndOut - Exiting Now ~~~~~~~~~
2013-08-25 18:03:58,642 [AWT-EventQueue-0] INFO  (InAndOutMain.java:33) - ~~~~~~~~~ InAndOut - Attendance Recorder - Starting Now ~~~~~~~~~
2013-08-25 18:04:29,405 [AWT-EventQueue-0] INFO  (InAndOutFrame.java:253) - ~~~~~~~~~ InAndOut - Exiting Now ~~~~~~~~~
2013-08-25 18:04:42,587 [AWT-EventQueue-0] INFO  (InAndOutMain.java:33) - ~~~~~~~~~ InAndOut - Attendance Recorder - Starting Now ~~~~~~~~~
2013-08-25 18:13:47,872 [AWT-EventQueue-0] INFO  (InAndOutFrame.java:253) - ~~~~~~~~~ InAndOut - Exiting Now ~~~~~~~~~
2013-08-25 18:13:50,901 [AWT-EventQueue-0] INFO  (InAndOutMain.java:33) - ~~~~~~~~~ InAndOut - Attendance Recorder - Starting Now ~~~~~~~~~
2013-08-25 18:13:54,600 [AWT-EventQueue-0] INFO  (BackendImpl.java:110) - Getting total time for chart; Result: [44:32]
2013-08-25 18:16:58,911 [AWT-EventQueue-0] INFO  (InAndOutFrame.java:253) - ~~~~~~~~~ InAndOut - Exiting Now ~~~~~~~~~
2013-08-26 08:52:27,150 [AWT-EventQueue-0] INFO  (InAndOutMain.java:33) - ~~~~~~~~~ InAndOut - Attendance Recorder - Starting Now ~~~~~~~~~
2013-08-26 08:52:30,075 [AWT-EventQueue-0] INFO  (BackendImpl.java:110) - Getting total time for chart; Result: [44:32]
2013-08-26 08:53:46,970 [AWT-EventQueue-0] INFO  (InAndOutFrame.java:253) - ~~~~~~~~~ InAndOut - Exiting Now ~~~~~~~~~
2013-08-26 08:53:50,168 [AWT-EventQueue-0] INFO  (InAndOutMain.java:33) - ~~~~~~~~~ InAndOut - Attendance Recorder - Starting Now ~~~~~~~~~
2013-08-26 08:53:52,296 [AWT-EventQueue-0] INFO  (BackendImpl.java:110) - Getting total time for chart; Result: [44:32]
2013-08-26 08:57:30,717 [AWT-EventQueue-0] INFO  (InAndOutFrame.java:253) - ~~~~~~~~~ InAndOut - Exiting Now ~~~~~~~~~
2013-08-26 08:57:35,517 [AWT-EventQueue-0] INFO  (InAndOutMain.java:33) - ~~~~~~~~~ InAndOut - Attendance Recorder - Starting Now ~~~~~~~~~
2013-08-26 08:57:41,139 [AWT-EventQueue-0] INFO  (BackendImpl.java:110) - Getting total time for chart; Result: [44:32]
2013-08-26 08:57:52,300 [AWT-EventQueue-0] INFO  (BackendImpl.java:110) - Getting total time for chart; Result: [44:33]
2013-08-26 08:58:46,436 [AWT-EventQueue-0] INFO  (BackendImpl.java:110) - Getting total time for chart; Result: [35:31]
2013-08-26 09:00:24,736 [AWT-EventQueue-0] INFO  (InAndOutMain.java:33) - ~~~~~~~~~ InAndOut - Attendance Recorder - Starting Now ~~~~~~~~~
2013-08-26 09:00:27,431 [AWT-EventQueue-0] INFO  (BackendImpl.java:111) - Getting total time for chart; Result: [44:33]
2013-08-26 09:04:49,127 [AWT-EventQueue-0] INFO  (InAndOutMain.java:33) - ~~~~~~~~~ InAndOut - Attendance Recorder - Starting Now ~~~~~~~~~
2013-08-26 09:04:51,500 [AWT-EventQueue-0] INFO  (BackendImpl.java:111) - Getting total time for chart; Result: [44:33]
2013-08-26 09:07:10,447 [AWT-EventQueue-0] INFO  (BackendImpl.java:111) - Getting total time for chart; Result: [44:33]
2013-08-26 09:22:09,749 [AWT-EventQueue-0] INFO  (BackendImpl.java:111) - Getting total time for chart; Result: [44:33]
2013-08-26 09:23:52,882 [AWT-EventQueue-0] INFO  (InAndOutMain.java:33) - ~~~~~~~~~ InAndOut - Attendance Recorder - Starting Now ~~~~~~~~~
2013-08-26 09:23:55,891 [AWT-EventQueue-0] INFO  (BackendImpl.java:111) - Getting total time for chart; Result: [44:33]
2013-08-26 09:55:03,064 [AWT-EventQueue-0] INFO  (InAndOutMain.java:33) - ~~~~~~~~~ InAndOut - Attendance Recorder - Starting Now ~~~~~~~~~
2013-08-26 09:55:12,363 [AWT-EventQueue-0] INFO  (BackendImpl.java:111) - Getting total time for chart; Result: [44:33]
2013-08-26 09:55:27,698 [AWT-EventQueue-0] INFO  (InAndOutMain.java:33) - ~~~~~~~~~ InAndOut - Attendance Recorder - Starting Now ~~~~~~~~~
2013-08-26 09:55:29,572 [AWT-EventQueue-0] INFO  (BackendImpl.java:111) - Getting total time for chart; Result: [44:33]
2013-08-26 09:56:51,310 [AWT-EventQueue-0] INFO  (InAndOutMain.java:33) - ~~~~~~~~~ InAndOut - Attendance Recorder - Starting Now ~~~~~~~~~
2013-08-26 09:58:30,235 [AWT-EventQueue-0] INFO  (InAndOutMain.java:33) - ~~~~~~~~~ InAndOut - Attendance Recorder - Starting Now ~~~~~~~~~
2013-08-26 09:58:37,249 [AWT-EventQueue-0] INFO  (BackendImpl.java:111) - Getting total time for chart; Result: [44:33]
2013-08-26 09:59:23,185 [AWT-EventQueue-0] INFO  (InAndOutMain.java:33) - ~~~~~~~~~ InAndOut - Attendance Recorder - Starting Now ~~~~~~~~~
2013-08-26 09:59:25,310 [AWT-EventQueue-0] INFO  (BackendImpl.java:111) - Getting total time for chart; Result: [44:33]
2013-08-26 10:04:02,235 [AWT-EventQueue-0] INFO  (BackendImpl.java:111) - Getting total time for chart; Result: [44:33]
2013-08-26 10:14:16,612 [AWT-EventQueue-0] INFO  (InAndOutMain.java:33) - ~~~~~~~~~ InAndOut - Attendance Recorder - Starting Now ~~~~~~~~~
2013-08-26 10:14:19,530 [AWT-EventQueue-0] INFO  (BackendImpl.java:111) - Getting total time for chart; Result: [44:33]
2013-08-26 11:32:13,508 [AWT-EventQueue-0] INFO  (InAndOutMain.java:33) - ~~~~~~~~~ InAndOut - Attendance Recorder - Starting Now ~~~~~~~~~
2013-08-26 11:32:19,407 [AWT-EventQueue-0] INFO  (BackendImpl.java:111) - Getting total time for chart; Result: [44:33]
2013-08-26 11:32:54,594 [AWT-EventQueue-0] INFO  (InAndOutFrame.java:245) - ~~~~~~~~~ InAndOut - Exiting Now ~~~~~~~~~
2013-08-26 14:28:42,791 [AWT-EventQueue-0] INFO  (InAndOutMain.java:33) - ~~~~~~~~~ InAndOut - Attendance Recorder - Starting Now ~~~~~~~~~
2013-08-26 14:29:26,160 [AWT-EventQueue-0] INFO  (BackendImpl.java:111) - Getting total time for chart; Result: [44:33]
2013-08-26 14:29:35,348 [AWT-EventQueue-0] INFO  (InAndOutMain.java:33) - ~~~~~~~~~ InAndOut - Attendance Recorder - Starting Now ~~~~~~~~~
2013-08-26 14:29:37,335 [AWT-EventQueue-0] INFO  (BackendImpl.java:111) - Getting total time for chart; Result: [44:33]
2013-08-26 14:30:42,144 [AWT-EventQueue-0] INFO  (InAndOutFrame.java:245) - ~~~~~~~~~ InAndOut - Exiting Now ~~~~~~~~~
2013-08-26 14:38:23,040 [AWT-EventQueue-0] INFO  (InAndOutMain.java:33) - ~~~~~~~~~ InAndOut - Attendance Recorder - Starting Now ~~~~~~~~~
2013-08-26 14:38:28,226 [AWT-EventQueue-0] INFO  (BackendImpl.java:111) - Getting total time for chart; Result: [44:33]
2013-08-26 14:40:02,990 [AWT-EventQueue-0] INFO  (InAndOutMain.java:33) - ~~~~~~~~~ InAndOut - Attendance Recorder - Starting Now ~~~~~~~~~
2013-08-26 14:40:07,421 [AWT-EventQueue-0] INFO  (BackendImpl.java:111) - Getting total time for chart; Result: [44:33]
2013-08-26 14:40:29,768 [AWT-EventQueue-0] INFO  (InAndOutMain.java:33) - ~~~~~~~~~ InAndOut - Attendance Recorder - Starting Now ~~~~~~~~~
2013-08-26 14:40:33,164 [AWT-EventQueue-0] INFO  (BackendImpl.java:111) - Getting total time for chart; Result: [44:33]
2013-08-26 14:41:26,351 [AWT-EventQueue-0] INFO  (InAndOutMain.java:33) - ~~~~~~~~~ InAndOut - Attendance Recorder - Starting Now ~~~~~~~~~
2013-08-26 14:44:34,980 [AWT-EventQueue-0] INFO  (InAndOutFrame.java:245) - ~~~~~~~~~ InAndOut - Exiting Now ~~~~~~~~~
2013-08-26 14:56:45,936 [AWT-EventQueue-0] INFO  (InAndOutMain.java:33) - ~~~~~~~~~ InAndOut - Attendance Recorder - Starting Now ~~~~~~~~~
2013-08-26 14:58:10,937 [AWT-EventQueue-0] INFO  (InAndOutMain.java:33) - ~~~~~~~~~ InAndOut - Attendance Recorder - Starting Now ~~~~~~~~~
2013-08-26 14:59:36,009 [AWT-EventQueue-0] INFO  (InAndOutMain.java:33) - ~~~~~~~~~ InAndOut - Attendance Recorder - Starting Now ~~~~~~~~~
2013-08-26 14:59:46,602 [AWT-EventQueue-0] INFO  (InAndOutFrame.java:245) - ~~~~~~~~~ InAndOut - Exiting Now ~~~~~~~~~
2013-08-26 15:03:34,178 [AWT-EventQueue-0] INFO  (InAndOutMain.java:33) - ~~~~~~~~~ InAndOut - Attendance Recorder - Starting Now ~~~~~~~~~
2013-08-26 15:05:52,915 [AWT-EventQueue-0] INFO  (InAndOutMain.java:33) - ~~~~~~~~~ InAndOut - Attendance Recorder - Starting Now ~~~~~~~~~
2013-08-26 15:09:03,852 [AWT-EventQueue-0] INFO  (InAndOutMain.java:33) - ~~~~~~~~~ InAndOut - Attendance Recorder - Starting Now ~~~~~~~~~
2013-08-26 15:11:14,353 [AWT-EventQueue-0] INFO  (InAndOutMain.java:33) - ~~~~~~~~~ InAndOut - Attendance Recorder - Starting Now ~~~~~~~~~
2013-08-26 15:12:24,255 [AWT-EventQueue-0] INFO  (InAndOutMain.java:33) - ~~~~~~~~~ InAndOut - Attendance Recorder - Starting Now ~~~~~~~~~
2013-08-26 15:13:14,222 [AWT-EventQueue-0] INFO  (InAndOutMain.java:33) - ~~~~~~~~~ InAndOut - Attendance Recorder - Starting Now ~~~~~~~~~
2013-08-26 15:13:45,101 [AWT-EventQueue-0] INFO  (InAndOutMain.java:33) - ~~~~~~~~~ InAndOut - Attendance Recorder - Starting Now ~~~~~~~~~
2013-08-26 15:14:05,674 [AWT-EventQueue-0] INFO  (InAndOutMain.java:33) - ~~~~~~~~~ InAndOut - Attendance Recorder - Starting Now ~~~~~~~~~
2013-08-26 15:15:05,008 [AWT-EventQueue-0] INFO  (InAndOutMain.java:33) - ~~~~~~~~~ InAndOut - Attendance Recorder - Starting Now ~~~~~~~~~
2013-08-26 15:17:02,925 [AWT-EventQueue-0] INFO  (InAndOutMain.java:33) - ~~~~~~~~~ InAndOut - Attendance Recorder - Starting Now ~~~~~~~~~
2013-08-26 15:18:49,934 [AWT-EventQueue-0] INFO  (InAndOutMain.java:33) - ~~~~~~~~~ InAndOut - Attendance Recorder - Starting Now ~~~~~~~~~
2013-08-26 15:21:35,170 [AWT-EventQueue-0] INFO  (InAndOutMain.java:33) - ~~~~~~~~~ InAndOut - Attendance Recorder - Starting Now ~~~~~~~~~
2013-08-26 15:22:09,017 [AWT-EventQueue-0] INFO  (InAndOutMain.java:33) - ~~~~~~~~~ InAndOut - Attendance Recorder - Starting Now ~~~~~~~~~
2013-08-26 15:22:26,137 [AWT-EventQueue-0] INFO  (InAndOutMain.java:33) - ~~~~~~~~~ InAndOut - Attendance Recorder - Starting Now ~~~~~~~~~
2013-08-26 15:24:54,283 [AWT-EventQueue-0] INFO  (InAndOutMain.java:33) - ~~~~~~~~~ InAndOut - Attendance Recorder - Starting Now ~~~~~~~~~
2013-08-26 15:28:00,329 [AWT-EventQueue-0] INFO  (InAndOutMain.java:33) - ~~~~~~~~~ InAndOut - Attendance Recorder - Starting Now ~~~~~~~~~
2013-08-26 15:31:56,391 [AWT-EventQueue-0] INFO  (InAndOutMain.java:33) - ~~~~~~~~~ InAndOut - Attendance Recorder - Starting Now ~~~~~~~~~
2013-08-26 15:32:30,827 [AWT-EventQueue-0] INFO  (InAndOutMain.java:33) - ~~~~~~~~~ InAndOut - Attendance Recorder - Starting Now ~~~~~~~~~
2013-08-26 15:39:13,094 [AWT-EventQueue-0] INFO  (InAndOutMain.java:33) - ~~~~~~~~~ InAndOut - Attendance Recorder - Starting Now ~~~~~~~~~
2013-08-26 15:42:08,735 [AWT-EventQueue-0] INFO  (InAndOutMain.java:33) - ~~~~~~~~~ InAndOut - Attendance Recorder - Starting Now ~~~~~~~~~
2013-08-26 15:45:13,209 [AWT-EventQueue-0] INFO  (InAndOutMain.java:33) - ~~~~~~~~~ InAndOut - Attendance Recorder - Starting Now ~~~~~~~~~
2013-08-26 15:48:24,363 [AWT-EventQueue-0] INFO  (InAndOutMain.java:33) - ~~~~~~~~~ InAndOut - Attendance Recorder - Starting Now ~~~~~~~~~
2013-08-26 15:53:06,535 [AWT-EventQueue-0] INFO  (InAndOutMain.java:33) - ~~~~~~~~~ InAndOut - Attendance Recorder - Starting Now ~~~~~~~~~
2013-08-26 15:56:29,244 [AWT-EventQueue-0] INFO  (InAndOutMain.java:33) - ~~~~~~~~~ InAndOut - Attendance Recorder - Starting Now ~~~~~~~~~
2013-08-26 16:01:30,809 [AWT-EventQueue-0] INFO  (InAndOutMain.java:33) - ~~~~~~~~~ InAndOut - Attendance Recorder - Starting Now ~~~~~~~~~
2013-08-26 16:02:48,893 [AWT-EventQueue-0] INFO  (InAndOutMain.java:33) - ~~~~~~~~~ InAndOut - Attendance Recorder - Starting Now ~~~~~~~~~
2013-08-26 16:03:20,049 [AWT-EventQueue-0] INFO  (InAndOutMain.java:33) - ~~~~~~~~~ InAndOut - Attendance Recorder - Starting Now ~~~~~~~~~
2013-08-26 16:06:47,472 [AWT-EventQueue-0] INFO  (InAndOutMain.java:33) - ~~~~~~~~~ InAndOut - Attendance Recorder - Starting Now ~~~~~~~~~
2013-08-26 16:07:12,136 [AWT-EventQueue-0] INFO  (InAndOutMain.java:33) - ~~~~~~~~~ InAndOut - Attendance Recorder - Starting Now ~~~~~~~~~
2013-08-26 16:08:08,053 [AWT-EventQueue-0] INFO  (InAndOutMain.java:33) - ~~~~~~~~~ InAndOut - Attendance Recorder - Starting Now ~~~~~~~~~
2013-08-26 16:24:46,041 [AWT-EventQueue-0] INFO  (InAndOutMain.java:33) - ~~~~~~~~~ InAndOut - Attendance Recorder - Starting Now ~~~~~~~~~
2013-08-26 16:32:53,300 [AWT-EventQueue-0] INFO  (InAndOutMain.java:33) - ~~~~~~~~~ InAndOut - Attendance Recorder - Starting Now ~~~~~~~~~
2013-08-26 16:34:05,015 [AWT-EventQueue-0] INFO  (InAndOutMain.java:33) - ~~~~~~~~~ InAndOut - Attendance Recorder - Starting Now ~~~~~~~~~
2013-08-26 16:37:28,735 [AWT-EventQueue-0] INFO  (InAndOutMain.java:33) - ~~~~~~~~~ InAndOut - Attendance Recorder - Starting Now ~~~~~~~~~
2013-08-26 16:38:15,518 [AWT-EventQueue-0] INFO  (BackendImpl.java:111) - Getting total time for chart; Result: [44:33]
2013-08-26 16:39:26,439 [AWT-EventQueue-0] INFO  (InAndOutMain.java:33) - ~~~~~~~~~ InAndOut - Attendance Recorder - Starting Now ~~~~~~~~~
2013-08-26 16:54:11,569 [AWT-EventQueue-0] INFO  (InAndOutMain.java:33) - ~~~~~~~~~ InAndOut - Attendance Recorder - Starting Now ~~~~~~~~~
2013-08-26 16:54:15,848 [AWT-EventQueue-0] INFO  (BackendImpl.java:111) - Getting total time for chart; Result: [44:33]
2013-08-26 16:54:41,248 [AWT-EventQueue-0] INFO  (InAndOutMain.java:33) - ~~~~~~~~~ InAndOut - Attendance Recorder - Starting Now ~~~~~~~~~
2013-08-26 16:54:43,362 [AWT-EventQueue-0] INFO  (BackendImpl.java:111) - Getting total time for chart; Result: [44:33]
2013-08-26 16:55:21,485 [AWT-EventQueue-0] INFO  (InAndOutMain.java:33) - ~~~~~~~~~ InAndOut - Attendance Recorder - Starting Now ~~~~~~~~~
2013-08-26 16:55:23,558 [AWT-EventQueue-0] INFO  (BackendImpl.java:111) - Getting total time for chart; Result: [44:33]
2013-08-26 16:56:52,337 [AWT-EventQueue-0] INFO  (InAndOutMain.java:33) - ~~~~~~~~~ InAndOut - Attendance Recorder - Starting Now ~~~~~~~~~
2013-08-26 16:56:54,323 [AWT-EventQueue-0] INFO  (BackendImpl.java:111) - Getting total time for chart; Result: [44:33]
2013-08-26 16:57:20,929 [AWT-EventQueue-0] INFO  (InAndOutMain.java:33) - ~~~~~~~~~ InAndOut - Attendance Recorder - Starting Now ~~~~~~~~~
2013-08-26 16:57:23,265 [AWT-EventQueue-0] INFO  (BackendImpl.java:111) - Getting total time for chart; Result: [44:33]
2013-08-26 16:58:30,790 [AWT-EventQueue-0] INFO  (InAndOutMain.java:33) - ~~~~~~~~~ InAndOut - Attendance Recorder - Starting Now ~~~~~~~~~
2013-08-26 16:58:32,784 [AWT-EventQueue-0] INFO  (BackendImpl.java:111) - Getting total time for chart; Result: [44:33]
2013-08-26 17:16:13,556 [AWT-EventQueue-0] INFO  (InAndOutMain.java:33) - ~~~~~~~~~ InAndOut - Attendance Recorder - Starting Now ~~~~~~~~~
2013-08-26 17:16:15,883 [AWT-EventQueue-0] INFO  (BackendImpl.java:111) - Getting total time for chart; Result: [44:33]
2013-08-26 17:23:02,896 [AWT-EventQueue-0] INFO  (BackendImpl.java:111) - Getting total time for chart; Result: [44:33]
2013-08-26 17:23:52,128 [AWT-EventQueue-0] INFO  (BackendImpl.java:111) - Getting total time for chart; Result: [45:33]
2013-08-27 08:50:29,585 [AWT-EventQueue-0] INFO  (BackendImpl.java:111) - Getting total time for chart; Result: [45:33]
2013-08-27 08:53:33,161 [AWT-EventQueue-0] INFO  (InAndOutMain.java:33) - ~~~~~~~~~ InAndOut - Attendance Recorder - Starting Now ~~~~~~~~~
2013-08-27 08:53:35,621 [AWT-EventQueue-0] INFO  (BackendImpl.java:111) - Getting total time for chart; Result: [45:33]
2013-08-27 08:53:45,367 [AWT-EventQueue-0] INFO  (BackendImpl.java:111) - Getting total time for chart; Result: [45:33]
2013-08-27 08:55:03,278 [AWT-EventQueue-0] INFO  (BackendImpl.java:111) - Getting total time for chart; Result: [45:33]
2013-08-27 08:55:12,079 [AWT-EventQueue-0] INFO  (InAndOutFrame.java:249) - ~~~~~~~~~ InAndOut - Exiting Now ~~~~~~~~~
2013-08-27 08:55:18,751 [AWT-EventQueue-0] INFO  (InAndOutMain.java:33) - ~~~~~~~~~ InAndOut - Attendance Recorder - Starting Now ~~~~~~~~~
2013-08-27 08:55:20,455 [AWT-EventQueue-0] INFO  (BackendImpl.java:111) - Getting total time for chart; Result: [45:33]
2013-08-27 08:55:28,293 [AWT-EventQueue-0] INFO  (InAndOutFrame.java:249) - ~~~~~~~~~ InAndOut - Exiting Now ~~~~~~~~~
2013-08-27 09:00:00,235 [AWT-EventQueue-0] INFO  (InAndOutMain.java:33) - ~~~~~~~~~ InAndOut - Attendance Recorder - Starting Now ~~~~~~~~~
2013-08-27 09:00:05,898 [AWT-EventQueue-0] INFO  (BackendImpl.java:111) - Getting total time for chart; Result: [45:33]
2013-08-27 09:01:02,948 [AWT-EventQueue-0] INFO  (BackendImpl.java:111) - Getting total time for chart; Result: [45:33]
2013-08-27 10:17:57,072 [AWT-EventQueue-0] INFO  (InAndOutMain.java:33) - ~~~~~~~~~ InAndOut - Attendance Recorder - Starting Now ~~~~~~~~~
2013-08-27 10:26:31,192 [AWT-EventQueue-0] INFO  (BackendImpl.java:111) - Getting total time for chart; Result: [45:33]
2013-08-27 10:27:32,360 [AWT-EventQueue-0] INFO  (BackendImpl.java:111) - Getting total time for chart; Result: [45:33]
2013-08-27 10:27:44,359 [AWT-EventQueue-0] INFO  (BackendImpl.java:111) - Getting total time for chart; Result: [45:33]
2013-08-27 10:33:05,473 [AWT-EventQueue-0] INFO  (InAndOutMain.java:33) - ~~~~~~~~~ InAndOut - Attendance Recorder - Starting Now ~~~~~~~~~
2013-08-27 10:33:08,156 [AWT-EventQueue-0] INFO  (BackendImpl.java:111) - Getting total time for chart; Result: [45:33]
2013-08-27 10:33:23,652 [AWT-EventQueue-0] INFO  (BackendImpl.java:111) - Getting total time for chart; Result: [45:33]
2013-08-27 10:34:12,060 [AWT-EventQueue-0] INFO  (BackendImpl.java:111) - Getting total time for chart; Result: [45:33]
2013-08-27 10:34:20,053 [AWT-EventQueue-0] INFO  (InAndOutMain.java:33) - ~~~~~~~~~ InAndOut - Attendance Recorder - Starting Now ~~~~~~~~~
2013-08-27 10:34:22,311 [AWT-EventQueue-0] INFO  (BackendImpl.java:111) - Getting total time for chart; Result: [45:33]
2013-08-27 10:34:27,685 [AWT-EventQueue-0] INFO  (BackendImpl.java:111) - Getting total time for chart; Result: [45:33]
2013-08-27 10:34:32,292 [AWT-EventQueue-0] INFO  (BackendImpl.java:111) - Getting total time for chart; Result: [45:33]
2013-08-27 10:34:57,421 [AWT-EventQueue-0] INFO  (BackendImpl.java:111) - Getting total time for chart; Result: [45:33]
2013-08-27 10:35:08,627 [AWT-EventQueue-0] INFO  (BackendImpl.java:111) - Getting total time for chart; Result: [45:33]
2013-08-27 10:36:36,656 [AWT-EventQueue-0] INFO  (InAndOutMain.java:33) - ~~~~~~~~~ InAndOut - Attendance Recorder - Starting Now ~~~~~~~~~
2013-08-27 10:36:43,050 [AWT-EventQueue-0] INFO  (BackendImpl.java:111) - Getting total time for chart; Result: [45:33]
2013-08-27 10:36:56,122 [AWT-EventQueue-0] INFO  (BackendImpl.java:111) - Getting total time for chart; Result: [45:33]
2013-08-27 10:36:59,147 [AWT-EventQueue-0] INFO  (BackendImpl.java:111) - Getting total time for chart; Result: [45:33]
2013-08-27 10:40:50,033 [AWT-EventQueue-0] INFO  (BackendImpl.java:111) - Getting total time for chart; Result: [45:33]
2013-08-27 10:42:08,272 [AWT-EventQueue-0] INFO  (BackendImpl.java:111) - Getting total time for chart; Result: [45:33]
2013-08-27 10:44:19,340 [AWT-EventQueue-0] INFO  (InAndOutMain.java:33) - ~~~~~~~~~ InAndOut - Attendance Recorder - Starting Now ~~~~~~~~~
2013-08-27 10:44:21,803 [AWT-EventQueue-0] INFO  (BackendImpl.java:111) - Getting total time for chart; Result: [45:33]
2013-08-27 10:48:28,765 [AWT-EventQueue-0] INFO  (InAndOutMain.java:33) - ~~~~~~~~~ InAndOut - Attendance Recorder - Starting Now ~~~~~~~~~
2013-08-27 10:48:31,202 [AWT-EventQueue-0] INFO  (BackendImpl.java:113) - Getting total time for chart; Result: [45:33]
2013-08-27 10:48:35,753 [AWT-EventQueue-0] ERROR (BackendImpl.java:91) - Failed to update time chart. reason: Date format invalid (example: 9.12)
2013-08-27 10:48:56,952 [AWT-EventQueue-0] ERROR (BackendImpl.java:91) - Failed to update time chart. reason: 1
2013-08-27 10:49:59,850 [AWT-EventQueue-0] ERROR (BackendImpl.java:91) - Failed to update time chart. reason: 1
2013-08-27 10:57:26,684 [AWT-EventQueue-0] ERROR (BackendImpl.java:91) - Failed to update time chart. reason: 1
2013-08-27 10:57:51,220 [AWT-EventQueue-0] INFO  (InAndOutMain.java:33) - ~~~~~~~~~ InAndOut - Attendance Recorder - Starting Now ~~~~~~~~~
2013-08-27 10:57:53,828 [AWT-EventQueue-0] INFO  (BackendImpl.java:113) - Getting total time for chart; Result: [45:33]
2013-08-27 10:58:03,683 [AWT-EventQueue-0] INFO  (BackendImpl.java:113) - Getting total time for chart; Result: [45:33]
2013-08-27 10:58:35,026 [AWT-EventQueue-0] INFO  (BackendImpl.java:113) - Getting total time for chart; Result: [45:33]
2013-08-27 10:58:45,913 [AWT-EventQueue-0] INFO  (InAndOutFrame.java:245) - ~~~~~~~~~ InAndOut - Exiting Now ~~~~~~~~~
2013-08-27 11:00:46,382 [AWT-EventQueue-0] INFO  (InAndOutMain.java:33) - ~~~~~~~~~ InAndOut - Attendance Recorder - Starting Now ~~~~~~~~~
2013-08-27 11:00:48,625 [AWT-EventQueue-0] INFO  (BackendImpl.java:113) - Getting total time for chart; Result: [45:33]
2013-08-27 11:00:54,290 [AWT-EventQueue-0] INFO  (BackendImpl.java:113) - Getting total time for chart; Result: [45:33]
2013-08-27 11:01:00,265 [AWT-EventQueue-0] INFO  (BackendImpl.java:113) - Getting total time for chart; Result: [45:33]
2013-08-27 11:01:04,792 [AWT-EventQueue-0] INFO  (BackendImpl.java:113) - Getting total time for chart; Result: [45:33]
2013-08-27 11:01:10,872 [AWT-EventQueue-0] INFO  (InAndOutFrame.java:245) - ~~~~~~~~~ InAndOut - Exiting Now ~~~~~~~~~
2013-08-27 11:15:26,407 [AWT-EventQueue-0] INFO  (InAndOutMain.java:33) - ~~~~~~~~~ InAndOut - Attendance Recorder - Starting Now ~~~~~~~~~
2013-08-27 11:15:28,151 [AWT-EventQueue-0] INFO  (BackendImpl.java:113) - Getting total time for chart; Result: [45:33]
2013-08-27 11:15:39,219 [AWT-EventQueue-0] INFO  (BackendImpl.java:113) - Getting total time for chart; Result: [45:33]
2013-08-27 11:16:04,203 [AWT-EventQueue-0] INFO  (BackendImpl.java:113) - Getting total time for chart; Result: [45:33]
2013-08-27 11:16:17,898 [AWT-EventQueue-0] INFO  (BackendImpl.java:113) - Getting total time for chart; Result: [45:33]
2013-08-27 11:16:38,563 [AWT-EventQueue-0] INFO  (BackendImpl.java:113) - Getting total time for chart; Result: [45:33]
2013-08-27 11:18:00,361 [AWT-EventQueue-0] INFO  (BackendImpl.java:113) - Getting total time for chart; Result: [45:33]
2013-08-27 11:18:06,585 [AWT-EventQueue-0] INFO  (InAndOutFrame.java:245) - ~~~~~~~~~ InAndOut - Exiting Now ~~~~~~~~~
2013-08-27 11:18:10,550 [AWT-EventQueue-0] INFO  (InAndOutMain.java:33) - ~~~~~~~~~ InAndOut - Attendance Recorder - Starting Now ~~~~~~~~~
2013-08-27 11:18:12,218 [AWT-EventQueue-0] INFO  (BackendImpl.java:113) - Getting total time for chart; Result: [45:33]
2013-08-27 11:20:37,118 [AWT-EventQueue-0] INFO  (BackendImpl.java:113) - Getting total time for chart; Result: [45:33]
2013-08-27 11:20:45,088 [AWT-EventQueue-0] INFO  (InAndOutFrame.java:245) - ~~~~~~~~~ InAndOut - Exiting Now ~~~~~~~~~
2013-08-27 11:20:48,874 [AWT-EventQueue-0] INFO  (InAndOutMain.java:33) - ~~~~~~~~~ InAndOut - Attendance Recorder - Starting Now ~~~~~~~~~
2013-08-27 11:20:50,993 [AWT-EventQueue-0] INFO  (BackendImpl.java:113) - Getting total time for chart; Result: [45:33]
2013-08-27 11:21:21,657 [AWT-EventQueue-0] INFO  (BackendImpl.java:113) - Getting total time for chart; Result: [45:33]
2013-08-27 11:29:06,148 [AWT-EventQueue-0] INFO  (InAndOutMain.java:33) - ~~~~~~~~~ InAndOut - Attendance Recorder - Starting Now ~~~~~~~~~
2013-08-27 11:29:08,384 [AWT-EventQueue-0] INFO  (BackendImpl.java:113) - Getting total time for chart; Result: [45:33]
2013-08-27 11:29:20,981 [AWT-EventQueue-0] INFO  (BackendImpl.java:113) - Getting total time for chart; Result: [45:33]
2013-08-27 11:29:26,462 [AWT-EventQueue-0] INFO  (BackendImpl.java:113) - Getting total time for chart; Result: [45:33]
2013-08-27 11:31:15,468 [AWT-EventQueue-0] INFO  (BackendImpl.java:113) - Getting total time for chart; Result: [45:33]
2013-08-27 11:31:42,840 [AWT-EventQueue-0] INFO  (InAndOutMain.java:33) - ~~~~~~~~~ InAndOut - Attendance Recorder - Starting Now ~~~~~~~~~
2013-08-27 11:31:44,876 [AWT-EventQueue-0] INFO  (BackendImpl.java:112) - Getting total time for chart; Result: [45:33]
2013-08-27 11:32:32,404 [AWT-EventQueue-0] INFO  (BackendImpl.java:112) - Getting total time for chart; Result: [45:33]
2013-08-27 11:32:52,547 [AWT-EventQueue-0] INFO  (BackendImpl.java:112) - Getting total time for chart; Result: [45:33]
2013-08-27 11:32:55,708 [AWT-EventQueue-0] INFO  (BackendImpl.java:112) - Getting total time for chart; Result: [45:33]
2013-08-27 11:32:58,492 [AWT-EventQueue-0] INFO  (BackendImpl.java:112) - Getting total time for chart; Result: [45:33]
2013-08-27 11:33:04,506 [AWT-EventQueue-0] INFO  (InAndOutFrame.java:245) - ~~~~~~~~~ InAndOut - Exiting Now ~~~~~~~~~
2013-08-27 11:33:09,732 [AWT-EventQueue-0] INFO  (InAndOutMain.java:33) - ~~~~~~~~~ InAndOut - Attendance Recorder - Starting Now ~~~~~~~~~
2013-08-27 11:33:11,697 [AWT-EventQueue-0] INFO  (BackendImpl.java:112) - Getting total time for chart; Result: [45:33]
2013-08-27 11:49:01,123 [AWT-EventQueue-0] INFO  (InAndOutMain.java:33) - ~~~~~~~~~ InAndOut - Attendance Recorder - Starting Now ~~~~~~~~~
2013-08-27 11:49:03,031 [AWT-EventQueue-0] INFO  (BackendImpl.java:112) - Getting total time for chart; Result: [45:33]
2013-08-27 11:49:35,594 [AWT-EventQueue-0] INFO  (InAndOutMain.java:33) - ~~~~~~~~~ InAndOut - Attendance Recorder - Starting Now ~~~~~~~~~
2013-08-27 11:49:37,582 [AWT-EventQueue-0] INFO  (BackendImpl.java:112) - Getting total time for chart; Result: [45:33]
2013-08-27 11:51:15,069 [AWT-EventQueue-0] INFO  (InAndOutMain.java:33) - ~~~~~~~~~ InAndOut - Attendance Recorder - Starting Now ~~~~~~~~~
2013-08-27 11:51:16,984 [AWT-EventQueue-0] INFO  (BackendImpl.java:112) - Getting total time for chart; Result: [45:33]
2013-08-27 11:53:15,637 [AWT-EventQueue-0] INFO  (InAndOutMain.java:33) - ~~~~~~~~~ InAndOut - Attendance Recorder - Starting Now ~~~~~~~~~
2013-08-27 11:53:17,281 [AWT-EventQueue-0] INFO  (BackendImpl.java:112) - Getting total time for chart; Result: [45:33]
2013-08-27 11:54:09,841 [AWT-EventQueue-0] INFO  (InAndOutMain.java:33) - ~~~~~~~~~ InAndOut - Attendance Recorder - Starting Now ~~~~~~~~~
2013-08-27 11:54:11,582 [AWT-EventQueue-0] INFO  (BackendImpl.java:112) - Getting total time for chart; Result: [45:33]
2013-08-27 11:55:06,976 [AWT-EventQueue-0] INFO  (InAndOutMain.java:33) - ~~~~~~~~~ InAndOut - Attendance Recorder - Starting Now ~~~~~~~~~
2013-08-27 11:55:08,844 [AWT-EventQueue-0] INFO  (BackendImpl.java:112) - Getting total time for chart; Result: [45:33]
2013-08-27 12:13:43,983 [AWT-EventQueue-0] INFO  (InAndOutMain.java:33) - ~~~~~~~~~ InAndOut - Attendance Recorder - Starting Now ~~~~~~~~~
2013-08-27 12:13:47,063 [AWT-EventQueue-0] INFO  (BackendImpl.java:112) - Getting total time for chart; Result: [45:33]
2013-08-27 12:15:48,031 [AWT-EventQueue-0] INFO  (InAndOutMain.java:33) - ~~~~~~~~~ InAndOut - Attendance Recorder - Starting Now ~~~~~~~~~
2013-08-27 12:15:49,921 [AWT-EventQueue-0] INFO  (BackendImpl.java:112) - Getting total time for chart; Result: [45:33]
2013-08-27 13:04:05,279 [AWT-EventQueue-0] INFO  (BackendImpl.java:112) - Getting total time for chart; Result: [45:33]
2013-08-27 13:15:56,433 [AWT-EventQueue-0] INFO  (InAndOutMain.java:33) - ~~~~~~~~~ InAndOut - Attendance Recorder - Starting Now ~~~~~~~~~
2013-08-27 13:15:59,127 [AWT-EventQueue-0] INFO  (BackendImpl.java:112) - Getting total time for chart; Result: [45:33]
2013-08-27 13:38:55,839 [AWT-EventQueue-0] INFO  (InAndOutMain.java:33) - ~~~~~~~~~ InAndOut - Attendance Recorder - Starting Now ~~~~~~~~~
2013-08-27 13:38:57,195 [AWT-EventQueue-0] INFO  (BackendImpl.java:112) - Getting total time for chart; Result: [45:33]
2013-08-27 13:42:58,143 [AWT-EventQueue-0] INFO  (BackendImpl.java:112) - Getting total time for chart; Result: [45:33]
2013-08-27 13:48:03,145 [AWT-EventQueue-0] INFO  (InAndOutMain.java:33) - ~~~~~~~~~ InAndOut - Attendance Recorder - Starting Now ~~~~~~~~~
2013-08-27 13:48:05,586 [AWT-EventQueue-0] INFO  (BackendImpl.java:112) - Getting total time for chart; Result: [45:33]
2013-08-27 13:48:53,887 [AWT-EventQueue-0] INFO  (InAndOutMain.java:33) - ~~~~~~~~~ InAndOut - Attendance Recorder - Starting Now ~~~~~~~~~
2013-08-27 13:48:55,900 [AWT-EventQueue-0] INFO  (BackendImpl.java:112) - Getting total time for chart; Result: [45:33]
2013-08-27 13:51:03,510 [AWT-EventQueue-0] INFO  (InAndOutMain.java:33) - ~~~~~~~~~ InAndOut - Attendance Recorder - Starting Now ~~~~~~~~~
2013-08-27 13:51:05,319 [AWT-EventQueue-0] INFO  (BackendImpl.java:112) - Getting total time for chart; Result: [45:33]
2013-08-27 13:51:27,525 [AWT-EventQueue-0] INFO  (InAndOutMain.java:33) - ~~~~~~~~~ InAndOut - Attendance Recorder - Starting Now ~~~~~~~~~
2013-08-27 13:51:29,620 [AWT-EventQueue-0] INFO  (BackendImpl.java:112) - Getting total time for chart; Result: [45:33]
2013-08-27 13:52:30,011 [AWT-EventQueue-0] INFO  (BackendImpl.java:112) - Getting total time for chart; Result: [45:33]
2013-08-27 13:56:07,606 [AWT-EventQueue-0] INFO  (InAndOutMain.java:33) - ~~~~~~~~~ InAndOut - Attendance Recorder - Starting Now ~~~~~~~~~
2013-08-27 13:56:09,805 [AWT-EventQueue-0] INFO  (BackendImpl.java:112) - Getting total time for chart; Result: [45:33]
2013-08-27 14:20:00,085 [AWT-EventQueue-0] INFO  (InAndOutMain.java:33) - ~~~~~~~~~ InAndOut - Attendance Recorder - Starting Now ~~~~~~~~~
2013-08-27 14:20:02,432 [AWT-EventQueue-0] INFO  (BackendImpl.java:112) - Getting total time for chart; Result: [45:33]
2013-08-27 14:22:17,381 [AWT-EventQueue-0] INFO  (InAndOutMain.java:33) - ~~~~~~~~~ InAndOut - Attendance Recorder - Starting Now ~~~~~~~~~
2013-08-27 14:22:19,189 [AWT-EventQueue-0] INFO  (BackendImpl.java:112) - Getting total time for chart; Result: [45:33]
2013-08-27 14:23:13,116 [AWT-EventQueue-0] INFO  (InAndOutFrame.java:245) - ~~~~~~~~~ InAndOut - Exiting Now ~~~~~~~~~
2013-08-27 14:38:30,309 [AWT-EventQueue-0] INFO  (InAndOutMain.java:33) - ~~~~~~~~~ InAndOut - Attendance Recorder - Starting Now ~~~~~~~~~
2013-08-27 14:38:32,961 [AWT-EventQueue-0] INFO  (BackendImpl.java:112) - Getting total time for chart; Result: [45:33]
2013-08-27 14:40:44,487 [AWT-EventQueue-0] INFO  (InAndOutMain.java:33) - ~~~~~~~~~ InAndOut - Attendance Recorder - Starting Now ~~~~~~~~~
2013-08-27 14:40:46,435 [AWT-EventQueue-0] INFO  (BackendImpl.java:112) - Getting total time for chart; Result: [45:33]
2013-08-27 15:20:14,622 [AWT-EventQueue-0] INFO  (BackendImpl.java:112) - Getting total time for chart; Result: [45:33]
2013-08-27 15:44:10,218 [AWT-EventQueue-0] INFO  (InAndOutMain.java:33) - ~~~~~~~~~ InAndOut - Attendance Recorder - Starting Now ~~~~~~~~~
2013-08-27 15:44:31,985 [AWT-EventQueue-0] INFO  (InAndOutMain.java:33) - ~~~~~~~~~ InAndOut - Attendance Recorder - Starting Now ~~~~~~~~~
2013-08-27 15:44:40,483 [AWT-EventQueue-0] INFO  (BackendImpl.java:112) - Getting total time for chart; Result: [45:33]
2013-08-27 15:44:44,963 [AWT-EventQueue-0] INFO  (BackendImpl.java:112) - Getting total time for chart; Result: [45:33]
2013-08-27 15:44:48,934 [AWT-EventQueue-0] INFO  (InAndOutMain.java:33) - ~~~~~~~~~ InAndOut - Attendance Recorder - Starting Now ~~~~~~~~~
2013-08-27 15:44:51,390 [AWT-EventQueue-0] INFO  (BackendImpl.java:112) - Getting total time for chart; Result: [45:33]
2013-08-27 16:03:40,215 [AWT-EventQueue-0] INFO  (InAndOutMain.java:33) - ~~~~~~~~~ InAndOut - Attendance Recorder - Starting Now ~~~~~~~~~
2013-08-27 16:04:10,892 [AWT-EventQueue-0] INFO  (InAndOutMain.java:33) - ~~~~~~~~~ InAndOut - Attendance Recorder - Starting Now ~~~~~~~~~
2013-08-27 16:34:24,516 [AWT-EventQueue-0] INFO  (InAndOutMain.java:33) - ~~~~~~~~~ InAndOut - Attendance Recorder - Starting Now ~~~~~~~~~
2013-08-27 16:34:34,532 [AWT-EventQueue-0] INFO  (BackendImpl.java:112) - Getting total time for chart; Result: [45:33]
2013-08-27 17:16:22,343 [AWT-EventQueue-0] INFO  (InAndOutMain.java:33) - ~~~~~~~~~ InAndOut - Attendance Recorder - Starting Now ~~~~~~~~~
2013-08-27 17:16:30,582 [AWT-EventQueue-0] INFO  (BackendImpl.java:112) - Getting total time for chart; Result: [45:33]
2013-08-27 17:21:01,779 [AWT-EventQueue-0] INFO  (InAndOutMain.java:33) - ~~~~~~~~~ InAndOut - Attendance Recorder - Starting Now ~~~~~~~~~
2013-08-27 17:26:31,519 [AWT-EventQueue-0] INFO  (InAndOutMain.java:33) - ~~~~~~~~~ InAndOut - Attendance Recorder - Starting Now ~~~~~~~~~
2013-08-27 17:27:24,995 [AWT-EventQueue-0] INFO  (InAndOutMain.java:33) - ~~~~~~~~~ InAndOut - Attendance Recorder - Starting Now ~~~~~~~~~
2013-08-27 17:28:37,101 [AWT-EventQueue-0] INFO  (InAndOutMain.java:33) - ~~~~~~~~~ InAndOut - Attendance Recorder - Starting Now ~~~~~~~~~
2013-08-27 17:50:58,174 [AWT-EventQueue-0] INFO  (BackendImpl.java:112) - Getting total time for chart; Result: [45:33]
2013-08-27 17:52:25,469 [AWT-EventQueue-0] INFO  (BackendImpl.java:112) - Getting total time for chart; Result: [45:33]
2013-08-27 18:04:35,471 [AWT-EventQueue-0] INFO  (InAndOutMain.java:33) - ~~~~~~~~~ InAndOut - Attendance Recorder - Starting Now ~~~~~~~~~
2013-08-27 18:06:35,495 [AWT-EventQueue-0] INFO  (BackendImpl.java:112) - Getting total time for chart; Result: [45:33]
2013-08-27 18:06:38,727 [AWT-EventQueue-0] INFO  (BackendImpl.java:112) - Getting total time for chart; Result: [45:33]
2013-08-27 18:06:44,247 [AWT-EventQueue-0] INFO  (BackendImpl.java:112) - Getting total time for chart; Result: [45:33]
2013-08-28 10:28:52,250 [AWT-EventQueue-0] INFO  (InAndOutMain.java:33) - ~~~~~~~~~ InAndOut - Attendance Recorder - Starting Now ~~~~~~~~~
2013-08-28 10:30:19,352 [AWT-EventQueue-0] INFO  (InAndOutMain.java:33) - ~~~~~~~~~ InAndOut - Attendance Recorder - Starting Now ~~~~~~~~~
2013-08-28 10:31:22,532 [AWT-EventQueue-0] INFO  (InAndOutMain.java:33) - ~~~~~~~~~ InAndOut - Attendance Recorder - Starting Now ~~~~~~~~~
2013-08-28 10:31:56,007 [AWT-EventQueue-0] INFO  (InAndOutMain.java:33) - ~~~~~~~~~ InAndOut - Attendance Recorder - Starting Now ~~~~~~~~~
2013-08-28 10:32:12,728 [AWT-EventQueue-0] INFO  (InAndOutMain.java:33) - ~~~~~~~~~ InAndOut - Attendance Recorder - Starting Now ~~~~~~~~~
2013-08-28 10:33:24,086 [AWT-EventQueue-0] INFO  (InAndOutMain.java:33) - ~~~~~~~~~ InAndOut - Attendance Recorder - Starting Now ~~~~~~~~~
2013-08-28 10:36:38,708 [AWT-EventQueue-0] INFO  (InAndOutMain.java:33) - ~~~~~~~~~ InAndOut - Attendance Recorder - Starting Now ~~~~~~~~~
2013-08-28 10:36:50,483 [AWT-EventQueue-0] INFO  (InAndOutMain.java:33) - ~~~~~~~~~ InAndOut - Attendance Recorder - Starting Now ~~~~~~~~~
2013-08-28 10:38:14,088 [AWT-EventQueue-0] INFO  (InAndOutMain.java:33) - ~~~~~~~~~ InAndOut - Attendance Recorder - Starting Now ~~~~~~~~~
2013-08-28 10:38:21,443 [AWT-EventQueue-0] INFO  (InAndOutMain.java:33) - ~~~~~~~~~ InAndOut - Attendance Recorder - Starting Now ~~~~~~~~~
2013-08-28 10:38:36,085 [AWT-EventQueue-0] INFO  (InAndOutMain.java:33) - ~~~~~~~~~ InAndOut - Attendance Recorder - Starting Now ~~~~~~~~~
2013-08-28 11:20:57,293 [AWT-EventQueue-0] INFO  (InAndOutMain.java:33) - ~~~~~~~~~ InAndOut - Attendance Recorder - Starting Now ~~~~~~~~~
2013-08-28 11:21:49,869 [AWT-EventQueue-0] INFO  (InAndOutMain.java:33) - ~~~~~~~~~ InAndOut - Attendance Recorder - Starting Now ~~~~~~~~~
2013-08-28 11:30:28,075 [AWT-EventQueue-0] INFO  (InAndOutMain.java:33) - ~~~~~~~~~ InAndOut - Attendance Recorder - Starting Now ~~~~~~~~~
2013-08-28 11:44:14,026 [AWT-EventQueue-0] INFO  (InAndOutMain.java:33) - ~~~~~~~~~ InAndOut - Attendance Recorder - Starting Now ~~~~~~~~~
2013-08-28 13:05:44,319 [AWT-EventQueue-0] INFO  (InAndOutMain.java:33) - ~~~~~~~~~ InAndOut - Attendance Recorder - Starting Now ~~~~~~~~~
2013-08-28 13:07:38,160 [AWT-EventQueue-0] INFO  (InAndOutMain.java:33) - ~~~~~~~~~ InAndOut - Attendance Recorder - Starting Now ~~~~~~~~~
2013-08-28 13:09:10,932 [AWT-EventQueue-0] INFO  (InAndOutMain.java:33) - ~~~~~~~~~ InAndOut - Attendance Recorder - Starting Now ~~~~~~~~~
2013-08-28 13:18:00,772 [AWT-EventQueue-0] INFO  (InAndOutMain.java:33) - ~~~~~~~~~ InAndOut - Attendance Recorder - Starting Now ~~~~~~~~~
2013-08-28 13:18:40,107 [AWT-EventQueue-0] INFO  (InAndOutMain.java:33) - ~~~~~~~~~ InAndOut - Attendance Recorder - Starting Now ~~~~~~~~~
2013-08-28 13:19:17,892 [AWT-EventQueue-0] INFO  (InAndOutMain.java:33) - ~~~~~~~~~ InAndOut - Attendance Recorder - Starting Now ~~~~~~~~~
2013-08-28 13:19:29,571 [AWT-EventQueue-0] INFO  (BackendImpl.java:112) - Getting total time for chart; Result: [45:33]
2013-08-28 13:19:34,581 [AWT-EventQueue-0] INFO  (BackendImpl.java:112) - Getting total time for chart; Result: [45:33]
2013-08-28 13:20:39,879 [AWT-EventQueue-0] INFO  (InAndOutMain.java:33) - ~~~~~~~~~ InAndOut - Attendance Recorder - Starting Now ~~~~~~~~~
2013-08-28 13:22:37,707 [AWT-EventQueue-0] INFO  (BackendImpl.java:112) - Getting total time for chart; Result: [45:33]
2013-08-28 13:34:10,209 [AWT-EventQueue-0] INFO  (InAndOutMain.java:33) - ~~~~~~~~~ InAndOut - Attendance Recorder - Starting Now ~~~~~~~~~
2013-08-28 13:34:12,859 [AWT-EventQueue-0] INFO  (BackendImpl.java:112) - Getting total time for chart; Result: [45:33]
2013-08-28 13:39:02,466 [AWT-EventQueue-0] INFO  (InAndOutMain.java:33) - ~~~~~~~~~ InAndOut - Attendance Recorder - Starting Now ~~~~~~~~~
2013-08-28 13:39:05,433 [AWT-EventQueue-0] INFO  (BackendImpl.java:112) - Getting total time for chart; Result: [45:33]
2013-08-28 14:15:55,483 [AWT-EventQueue-0] INFO  (InAndOutMain.java:33) - ~~~~~~~~~ InAndOut - Attendance Recorder - Starting Now ~~~~~~~~~
2013-08-28 14:15:57,819 [AWT-EventQueue-0] INFO  (BackendImpl.java:112) - Getting total time for chart; Result: [45:33]
2013-08-28 14:33:29,602 [AWT-EventQueue-0] INFO  (InAndOutMain.java:33) - ~~~~~~~~~ InAndOut - Attendance Recorder - Starting Now ~~~~~~~~~
2013-08-28 14:33:32,177 [AWT-EventQueue-0] INFO  (BackendImpl.java:112) - Getting total time for chart; Result: [45:33]
2013-08-28 14:50:41,071 [AWT-EventQueue-0] INFO  (InAndOutMain.java:33) - ~~~~~~~~~ InAndOut - Attendance Recorder - Starting Now ~~~~~~~~~
2013-08-28 14:50:44,430 [AWT-EventQueue-0] INFO  (BackendImpl.java:112) - Getting total time for chart; Result: [45:33]
2013-08-28 14:51:20,773 [AWT-EventQueue-0] INFO  (BackendImpl.java:112) - Getting total time for chart; Result: [45:33]
2013-08-28 14:52:23,670 [AWT-EventQueue-0] INFO  (InAndOutMain.java:33) - ~~~~~~~~~ InAndOut - Attendance Recorder - Starting Now ~~~~~~~~~
2013-08-28 14:52:25,632 [AWT-EventQueue-0] INFO  (BackendImpl.java:112) - Getting total time for chart; Result: [45:33]
2013-08-28 14:58:59,397 [AWT-EventQueue-0] INFO  (InAndOutMain.java:33) - ~~~~~~~~~ InAndOut - Attendance Recorder - Starting Now ~~~~~~~~~
2013-08-28 14:59:01,191 [AWT-EventQueue-0] INFO  (BackendImpl.java:112) - Getting total time for chart; Result: [45:33]
2013-08-28 15:01:44,283 [AWT-EventQueue-0] INFO  (InAndOutMain.java:33) - ~~~~~~~~~ InAndOut - Attendance Recorder - Starting Now ~~~~~~~~~
2013-08-28 15:01:45,831 [AWT-EventQueue-0] INFO  (BackendImpl.java:112) - Getting total time for chart; Result: [45:33]
2013-08-28 15:02:10,377 [AWT-EventQueue-0] INFO  (InAndOutMain.java:33) - ~~~~~~~~~ InAndOut - Attendance Recorder - Starting Now ~~~~~~~~~
2013-08-28 15:02:11,973 [AWT-EventQueue-0] INFO  (BackendImpl.java:112) - Getting total time for chart; Result: [45:33]
2013-08-28 15:02:48,590 [AWT-EventQueue-0] INFO  (BackendImpl.java:112) - Getting total time for chart; Result: [45:33]
2013-08-28 17:14:49,916 [AWT-EventQueue-0] INFO  (InAndOutMain.java:33) - ~~~~~~~~~ InAndOut - Attendance Recorder - Starting Now ~~~~~~~~~
2013-08-28 17:14:54,963 [AWT-EventQueue-0] INFO  (BackendImpl.java:112) - Getting total time for chart; Result: [45:33]
2013-08-28 17:15:44,778 [AWT-EventQueue-0] INFO  (InAndOutMain.java:33) - ~~~~~~~~~ InAndOut - Attendance Recorder - Starting Now ~~~~~~~~~
2013-08-28 17:15:47,750 [AWT-EventQueue-0] INFO  (BackendImpl.java:112) - Getting total time for chart; Result: [45:33]
2013-08-28 17:17:52,310 [AWT-EventQueue-0] INFO  (InAndOutMain.java:33) - ~~~~~~~~~ InAndOut - Attendance Recorder - Starting Now ~~~~~~~~~
2013-08-28 17:17:54,988 [AWT-EventQueue-0] INFO  (BackendImpl.java:112) - Getting total time for chart; Result: [45:33]
2013-08-28 17:29:06,606 [AWT-EventQueue-0] INFO  (InAndOutMain.java:33) - ~~~~~~~~~ InAndOut - Attendance Recorder - Starting Now ~~~~~~~~~
2013-08-28 17:29:08,587 [AWT-EventQueue-0] INFO  (BackendImpl.java:112) - Getting total time for chart; Result: [45:33]
2013-08-28 17:30:39,119 [AWT-EventQueue-0] INFO  (InAndOutMain.java:33) - ~~~~~~~~~ InAndOut - Attendance Recorder - Starting Now ~~~~~~~~~
2013-08-28 17:30:45,320 [AWT-EventQueue-0] INFO  (BackendImpl.java:112) - Getting total time for chart; Result: [45:33]
2013-08-28 17:42:20,679 [AWT-EventQueue-0] INFO  (InAndOutMain.java:33) - ~~~~~~~~~ InAndOut - Attendance Recorder - Starting Now ~~~~~~~~~
2013-08-28 17:42:23,338 [AWT-EventQueue-0] INFO  (BackendImpl.java:112) - Getting total time for chart; Result: [45:33]
2013-08-28 17:52:12,198 [AWT-EventQueue-0] INFO  (InAndOutMain.java:33) - ~~~~~~~~~ InAndOut - Attendance Recorder - Starting Now ~~~~~~~~~
2013-08-28 17:52:15,749 [AWT-EventQueue-0] INFO  (BackendImpl.java:112) - Getting total time for chart; Result: [45:33]
2013-08-29 09:35:02,480 [AWT-EventQueue-0] INFO  (InAndOutMain.java:33) - ~~~~~~~~~ InAndOut - Attendance Recorder - Starting Now ~~~~~~~~~
2013-08-29 09:35:06,227 [AWT-EventQueue-0] INFO  (BackendImpl.java:112) - Getting total time for chart; Result: [45:33]
2013-08-29 10:05:54,009 [AWT-EventQueue-0] INFO  (InAndOutMain.java:33) - ~~~~~~~~~ InAndOut - Attendance Recorder - Starting Now ~~~~~~~~~
2013-08-29 10:06:01,432 [AWT-EventQueue-0] INFO  (BackendImpl.java:112) - Getting total time for chart; Result: [45:33]
2013-08-29 11:57:19,164 [AWT-EventQueue-0] INFO  (InAndOutMain.java:33) - ~~~~~~~~~ InAndOut - Attendance Recorder - Starting Now ~~~~~~~~~
2013-08-29 11:58:57,650 [AWT-EventQueue-0] INFO  (InAndOutMain.java:33) - ~~~~~~~~~ InAndOut - Attendance Recorder - Starting Now ~~~~~~~~~
2013-08-29 12:00:39,133 [AWT-EventQueue-0] INFO  (InAndOutMain.java:33) - ~~~~~~~~~ InAndOut - Attendance Recorder - Starting Now ~~~~~~~~~
2013-08-29 12:02:38,615 [AWT-EventQueue-0] INFO  (InAndOutMain.java:33) - ~~~~~~~~~ InAndOut - Attendance Recorder - Starting Now ~~~~~~~~~
2013-08-29 12:04:17,318 [AWT-EventQueue-0] INFO  (InAndOutMain.java:33) - ~~~~~~~~~ InAndOut - Attendance Recorder - Starting Now ~~~~~~~~~
2013-08-29 12:04:38,881 [AWT-EventQueue-0] INFO  (BackendImpl.java:112) - Getting total time for chart; Result: [45:33]
2013-08-29 12:05:14,981 [AWT-EventQueue-0] INFO  (BackendImpl.java:112) - Getting total time for chart; Result: [45:33]
2013-08-29 12:45:35,074 [AWT-EventQueue-0] INFO  (InAndOutMain.java:33) - ~~~~~~~~~ InAndOut - Attendance Recorder - Starting Now ~~~~~~~~~
2013-08-29 12:45:40,763 [AWT-EventQueue-0] INFO  (BackendImpl.java:112) - Getting total time for chart; Result: [45:33]
2013-08-29 12:46:28,973 [AWT-EventQueue-0] INFO  (InAndOutMain.java:33) - ~~~~~~~~~ InAndOut - Attendance Recorder - Starting Now ~~~~~~~~~
2013-08-29 12:46:30,590 [AWT-EventQueue-0] INFO  (BackendImpl.java:112) - Getting total time for chart; Result: [45:33]
2013-08-29 12:52:57,930 [AWT-EventQueue-0] INFO  (InAndOutMain.java:33) - ~~~~~~~~~ InAndOut - Attendance Recorder - Starting Now ~~~~~~~~~
2013-08-29 12:53:00,178 [AWT-EventQueue-0] INFO  (BackendImpl.java:112) - Getting total time for chart; Result: [45:33]
2013-08-29 12:54:04,981 [AWT-EventQueue-0] INFO  (InAndOutMain.java:33) - ~~~~~~~~~ InAndOut - Attendance Recorder - Starting Now ~~~~~~~~~
2013-08-29 12:54:06,826 [AWT-EventQueue-0] INFO  (BackendImpl.java:112) - Getting total time for chart; Result: [45:33]
2013-08-29 13:00:49,699 [AWT-EventQueue-0] INFO  (BackendImpl.java:112) - Getting total time for chart; Result: [45:33]
2013-08-29 13:02:47,119 [AWT-EventQueue-0] INFO  (InAndOutMain.java:33) - ~~~~~~~~~ InAndOut - Attendance Recorder - Starting Now ~~~~~~~~~
2013-08-29 13:02:49,114 [AWT-EventQueue-0] INFO  (BackendImpl.java:112) - Getting total time for chart; Result: [45:33]
2013-08-29 13:03:45,028 [AWT-EventQueue-0] INFO  (InAndOutMain.java:33) - ~~~~~~~~~ InAndOut - Attendance Recorder - Starting Now ~~~~~~~~~
2013-08-29 13:03:46,749 [AWT-EventQueue-0] INFO  (BackendImpl.java:112) - Getting total time for chart; Result: [45:33]
2013-08-29 13:05:13,504 [AWT-EventQueue-0] INFO  (InAndOutMain.java:33) - ~~~~~~~~~ InAndOut - Attendance Recorder - Starting Now ~~~~~~~~~
2013-08-29 13:05:15,453 [AWT-EventQueue-0] INFO  (BackendImpl.java:112) - Getting total time for chart; Result: [45:33]
2013-08-29 13:24:10,077 [AWT-EventQueue-0] INFO  (InAndOutMain.java:33) - ~~~~~~~~~ InAndOut - Attendance Recorder - Starting Now ~~~~~~~~~
2013-08-29 13:24:12,086 [AWT-EventQueue-0] INFO  (BackendImpl.java:112) - Getting total time for chart; Result: [45:33]
2013-08-29 13:25:21,613 [AWT-EventQueue-0] INFO  (InAndOutMain.java:33) - ~~~~~~~~~ InAndOut - Attendance Recorder - Starting Now ~~~~~~~~~
2013-08-29 13:25:24,068 [AWT-EventQueue-0] INFO  (BackendImpl.java:112) - Getting total time for chart; Result: [45:33]
2013-08-29 13:43:49,645 [AWT-EventQueue-0] INFO  (InAndOutMain.java:33) - ~~~~~~~~~ InAndOut - Attendance Recorder - Starting Now ~~~~~~~~~
2013-08-29 13:43:51,460 [AWT-EventQueue-0] INFO  (BackendImpl.java:112) - Getting total time for chart; Result: [45:33]
2013-08-29 13:45:42,650 [AWT-EventQueue-0] INFO  (InAndOutMain.java:33) - ~~~~~~~~~ InAndOut - Attendance Recorder - Starting Now ~~~~~~~~~
2013-08-29 13:45:46,093 [AWT-EventQueue-0] INFO  (BackendImpl.java:112) - Getting total time for chart; Result: [45:33]
2013-08-29 14:22:45,703 [AWT-EventQueue-0] INFO  (BackendImpl.java:112) - Getting total time for chart; Result: [45:33]
2013-08-29 14:35:41,680 [AWT-EventQueue-0] INFO  (InAndOutMain.java:33) - ~~~~~~~~~ InAndOut - Attendance Recorder - Starting Now ~~~~~~~~~
2013-08-29 14:35:47,691 [AWT-EventQueue-0] INFO  (BackendImpl.java:112) - Getting total time for chart; Result: [45:33]
2013-08-29 17:58:17,054 [AWT-EventQueue-0] INFO  (InAndOutMain.java:33) - ~~~~~~~~~ InAndOut - Attendance Recorder - Starting Now ~~~~~~~~~
2013-08-29 17:58:19,872 [AWT-EventQueue-0] INFO  (BackendImpl.java:112) - Getting total time for chart; Result: [45:33]
2013-08-30 10:53:50,801 [AWT-EventQueue-0] INFO  (InAndOutMain.java:33) - ~~~~~~~~~ InAndOut - Attendance Recorder - Starting Now ~~~~~~~~~
2013-08-30 10:53:58,350 [AWT-EventQueue-0] INFO  (BackendImpl.java:112) - Getting total time for chart; Result: [0]
2013-08-30 10:58:46,443 [AWT-EventQueue-0] INFO  (InAndOutMain.java:33) - ~~~~~~~~~ InAndOut - Attendance Recorder - Starting Now ~~~~~~~~~
2013-08-30 10:58:51,050 [AWT-EventQueue-0] INFO  (BackendImpl.java:112) - Getting total time for chart; Result: [0]
2013-08-30 11:44:21,782 [AWT-EventQueue-0] INFO  (InAndOutMain.java:33) - ~~~~~~~~~ InAndOut - Attendance Recorder - Starting Now ~~~~~~~~~
2013-08-30 11:44:27,204 [AWT-EventQueue-0] INFO  (BackendImpl.java:112) - Getting total time for chart; Result: [1:20]
2013-08-30 11:46:37,475 [AWT-EventQueue-0] INFO  (InAndOutMain.java:33) - ~~~~~~~~~ InAndOut - Attendance Recorder - Starting Now ~~~~~~~~~
2013-08-30 11:46:56,043 [AWT-EventQueue-0] INFO  (BackendImpl.java:112) - Getting total time for chart; Result: [1:20]
2013-08-30 11:49:34,890 [AWT-EventQueue-0] INFO  (BackendImpl.java:112) - Getting total time for chart; Result: [1:20]
2013-08-30 11:50:44,291 [AWT-EventQueue-0] INFO  (BackendImpl.java:112) - Getting total time for chart; Result: [1:20]
2013-08-30 16:04:25,105 [AWT-EventQueue-0] INFO  (InAndOutMain.java:33) - ~~~~~~~~~ InAndOut - Attendance Recorder - Starting Now ~~~~~~~~~
2013-08-30 16:04:34,047 [AWT-EventQueue-0] INFO  (BackendImpl.java:112) - Getting total time for chart; Result: [1:20]
2013-08-30 16:47:17,145 [AWT-EventQueue-0] INFO  (InAndOutMain.java:33) - ~~~~~~~~~ InAndOut - Attendance Recorder - Starting Now ~~~~~~~~~
2013-08-30 16:47:35,419 [AWT-EventQueue-0] INFO  (BackendImpl.java:112) - Getting total time for chart; Result: [1:20]
2013-09-01 08:38:05,804 [AWT-EventQueue-0] INFO  (InAndOutMain.java:33) - ~~~~~~~~~ InAndOut - Attendance Recorder - Starting Now ~~~~~~~~~
2013-09-01 08:48:26,854 [AWT-EventQueue-0] INFO  (BackendImpl.java:112) - Getting total time for chart; Result: [0]
2013-09-01 12:19:17,052 [AWT-EventQueue-0] INFO  (InAndOutMain.java:33) - ~~~~~~~~~ InAndOut - Attendance Recorder - Starting Now ~~~~~~~~~
2013-09-01 12:19:35,710 [AWT-EventQueue-0] INFO  (BackendImpl.java:112) - Getting total time for chart; Result: [0]
2013-09-01 12:19:48,309 [AWT-EventQueue-0] INFO  (BackendImpl.java:112) - Getting total time for chart; Result: [0]
2013-09-01 13:09:22,553 [AWT-EventQueue-0] INFO  (InAndOutMain.java:33) - ~~~~~~~~~ InAndOut - Attendance Recorder - Starting Now ~~~~~~~~~
2013-09-01 13:09:24,923 [AWT-EventQueue-0] INFO  (BackendImpl.java:112) - Getting total time for chart; Result: [0]
2013-09-01 13:24:13,322 [AWT-EventQueue-0] INFO  (InAndOutMain.java:33) - ~~~~~~~~~ InAndOut - Attendance Recorder - Starting Now ~~~~~~~~~
2013-09-01 13:24:20,029 [AWT-EventQueue-0] INFO  (BackendImpl.java:112) - Getting total time for chart; Result: [0]
2013-09-01 13:34:00,067 [AWT-EventQueue-0] INFO  (InAndOutMain.java:33) - ~~~~~~~~~ InAndOut - Attendance Recorder - Starting Now ~~~~~~~~~
2013-09-01 13:34:01,879 [AWT-EventQueue-0] INFO  (BackendImpl.java:112) - Getting total time for chart; Result: [0]
2013-09-01 13:36:48,766 [AWT-EventQueue-0] INFO  (InAndOutMain.java:33) - ~~~~~~~~~ InAndOut - Attendance Recorder - Starting Now ~~~~~~~~~
2013-09-01 13:36:50,944 [AWT-EventQueue-0] INFO  (BackendImpl.java:112) - Getting total time for chart; Result: [0]
2013-09-01 13:52:10,688 [AWT-EventQueue-0] INFO  (InAndOutMain.java:33) - ~~~~~~~~~ InAndOut - Attendance Recorder - Starting Now ~~~~~~~~~
2013-09-01 13:52:12,833 [AWT-EventQueue-0] INFO  (BackendImpl.java:112) - Getting total time for chart; Result: [0]
2013-09-01 13:54:10,028 [AWT-EventQueue-0] INFO  (InAndOutMain.java:33) - ~~~~~~~~~ InAndOut - Attendance Recorder - Starting Now ~~~~~~~~~
2013-09-01 13:54:12,248 [AWT-EventQueue-0] INFO  (BackendImpl.java:112) - Getting total time for chart; Result: [0]
2013-09-01 14:12:52,624 [AWT-EventQueue-0] INFO  (InAndOutMain.java:33) - ~~~~~~~~~ InAndOut - Attendance Recorder - Starting Now ~~~~~~~~~
2013-09-01 14:12:54,729 [AWT-EventQueue-0] INFO  (BackendImpl.java:112) - Getting total time for chart; Result: [0]
2013-09-01 14:20:41,384 [AWT-EventQueue-0] INFO  (InAndOutMain.java:33) - ~~~~~~~~~ InAndOut - Attendance Recorder - Starting Now ~~~~~~~~~
2013-09-01 14:20:43,453 [AWT-EventQueue-0] INFO  (BackendImpl.java:112) - Getting total time for chart; Result: [0]
2013-09-01 15:17:14,136 [AWT-EventQueue-0] INFO  (BackendImpl.java:112) - Getting total time for chart; Result: [0]
2013-09-01 15:31:47,357 [AWT-EventQueue-0] INFO  (InAndOutMain.java:33) - ~~~~~~~~~ InAndOut - Attendance Recorder - Starting Now ~~~~~~~~~
2013-09-01 15:31:55,424 [AWT-EventQueue-0] INFO  (BackendImpl.java:112) - Getting total time for chart; Result: [0]
2013-09-01 21:57:23,849 [AWT-EventQueue-0] INFO  (InAndOutMain.java:33) - ~~~~~~~~~ InAndOut - Attendance Recorder - Starting Now ~~~~~~~~~
2013-09-01 22:00:38,707 [AWT-EventQueue-0] INFO  (InAndOutMain.java:33) - ~~~~~~~~~ InAndOut - Attendance Recorder - Starting Now ~~~~~~~~~
2013-09-01 22:00:49,788 [AWT-EventQueue-0] INFO  (BackendImpl.java:111) - Getting total time for chart; Result: [0]
2013-09-02 09:22:22,580 [AWT-EventQueue-0] INFO  (InAndOutMain.java:33) - ~~~~~~~~~ InAndOut - Attendance Recorder - Starting Now ~~~~~~~~~
2013-09-03 09:16:14,285 [AWT-EventQueue-0] INFO  (InAndOutMain.java:33) - ~~~~~~~~~ InAndOut - Attendance Recorder - Starting Now ~~~~~~~~~
2013-09-03 09:16:18,385 [AWT-EventQueue-0] INFO  (BackendImpl.java:111) - Getting total time for chart; Result: [0]
2013-09-03 09:25:38,111 [AWT-EventQueue-0] INFO  (InAndOutFrame.java:386) - ~~~~~~~~~ InAndOut - Exiting Now ~~~~~~~~~
2013-09-03 09:29:49,095 [AWT-EventQueue-0] INFO  (InAndOutMain.java:33) - ~~~~~~~~~ InAndOut - Attendance Recorder - Starting Now ~~~~~~~~~
2013-09-03 09:29:50,989 [AWT-EventQueue-0] INFO  (BackendImpl.java:111) - Getting total time for chart; Result: [9:01]
2013-09-03 09:30:09,851 [AWT-EventQueue-0] INFO  (InAndOutMain.java:33) - ~~~~~~~~~ InAndOut - Attendance Recorder - Starting Now ~~~~~~~~~
2013-09-03 09:30:11,932 [AWT-EventQueue-0] INFO  (BackendImpl.java:111) - Getting total time for chart; Result: [9:02]
2013-09-03 09:30:28,574 [AWT-EventQueue-0] INFO  (InAndOutFrame.java:386) - ~~~~~~~~~ InAndOut - Exiting Now ~~~~~~~~~
2013-09-03 12:04:46,909 [AWT-EventQueue-0] INFO  (InAndOutMain.java:40) - ~~~~~~~~~ InAndOut - Attendance Recorder - Starting Now ~~~~~~~~~
2013-09-03 12:05:05,710 [AWT-EventQueue-0] INFO  (InAndOutFrame.java:386) - ~~~~~~~~~ InAndOut - Exiting Now ~~~~~~~~~
2013-09-03 12:12:06,682 [AWT-EventQueue-0] INFO  (InAndOutMain.java:40) - ~~~~~~~~~ InAndOut - Attendance Recorder - Starting Now ~~~~~~~~~
2013-09-03 16:03:47,555 [AWT-EventQueue-0] INFO  (InAndOutMain.java:39) - ~~~~~~~~~ InAndOut - Attendance Recorder - Starting Now ~~~~~~~~~
2013-09-03 16:04:06,512 [AWT-EventQueue-0] INFO  (InAndOutFrame.java:386) - ~~~~~~~~~ InAndOut - Exiting Now ~~~~~~~~~
2013-09-03 16:04:31,688 [AWT-EventQueue-0] INFO  (InAndOutMain.java:39) - ~~~~~~~~~ InAndOut - Attendance Recorder - Starting Now ~~~~~~~~~
2013-09-03 16:04:38,897 [AWT-EventQueue-0] INFO  (InAndOutFrame.java:386) - ~~~~~~~~~ InAndOut - Exiting Now ~~~~~~~~~
2013-09-03 17:11:54,136 [AWT-EventQueue-0] INFO  (InAndOutMain.java:39) - ~~~~~~~~~ InAndOut - Attendance Recorder - Starting Now ~~~~~~~~~
2013-09-03 17:33:27,963 [AWT-EventQueue-0] INFO  (InAndOutMain.java:39) - ~~~~~~~~~ InAndOut - Attendance Recorder - Starting Now ~~~~~~~~~
2013-09-03 17:36:55,022 [AWT-EventQueue-0] INFO  (InAndOutMain.java:39) - ~~~~~~~~~ InAndOut - Attendance Recorder - Starting Now ~~~~~~~~~
